 ------------- USUARIO --------------------
portfoilio No se encuentra en el sistema
el directorio de portfoilio No existe
el usuario portfoilio ha sido creado
 ------------- USUARIO --------------------
portfoilio No se encuentra en el sistema
el directorio de portfoilio No existe
el usuario portfoilio ha sido creado
 ------------- USUARIO --------------------
portfoilio No se encuentra en el sistema
el directorio de portfoilio No existe
el usuario portfoilio ha sido creado
 ------------- USUARIO --------------------
portfoilio No se encuentra en el sistema
el directorio de portfoilio No existe
el usuario portfoilio ha sido creado
 ------------- USUARIO --------------------
morgado No se encuentra en el sistema
el directorio de morgado No existe
el usuario morgado ha sido creado
 ------------- USUARIO --------------------
morgado No se encuentra en el sistema
el directorio de morgado No existe
el usuario morgado ha sido creado
 ------------- USUARIO --------------------
morgado se encuentra en el sistema
 ------------- USUARIO --------------------
morgado No se encuentra en el sistema
el directorio de morgado No existe
el usuario morgado ha sido creado
 ------------- USUARIO --------------------
morgado No se encuentra en el sistema
el directorio de morgado No existe
el usuario morgado ha sido creado
 ------------- USUARIO --------------------
morgado No se encuentra en el sistema
el directorio de morgado No existe
el usuario morgado ha sido creado
 ------------- USUARIO --------------------
morgado No se encuentra en el sistema
el directorio de morgado No existe
el usuario morgado ha sido creado
pportfolio FUNCIONANDO
 ------------- USUARIO --------------------
morgado No se encuentra en el sistema
el directorio de morgado No existe
el usuario morgado ha sido creado
pportfolio FUNCIONANDO
 ------------- USUARIO --------------------
morgado No se encuentra en el sistema
el directorio de morgado No existe
el usuario morgado ha sido creado
pportfolio FUNCIONANDO
 ------------- USUARIO --------------------
morgado No se encuentra en el sistema
el directorio de morgado No existe
el usuario morgado ha sido creado
pportfolio FUNCIONANDO
 ------------- USUARIO --------------------
morgado No se encuentra en el sistema
el directorio de morgado No existe
el usuario morgado ha sido creado
pportfolio FUNCIONANDO
 ------------- USUARIO --------------------
morgado No se encuentra en el sistema
el directorio de morgado No existe
el usuario morgado ha sido creado
pportfolio FUNCIONANDO
 ------------- USUARIO --------------------
morgado No se encuentra en el sistema
el directorio de morgado No existe
el usuario morgado ha sido creado
pportfolio FUNCIONANDO
 ------------- USUARIO --------------------
morgado No se encuentra en el sistema
el directorio de morgado No existe
el usuario morgado ha sido creado
 ------------- USUARIO --------------------
morgado No se encuentra en el sistema
el directorio de morgado No existe
el usuario morgado ha sido creado
 ------------- USUARIO --------------------
morgado No se encuentra en el sistema
el directorio de morgado No existe
el usuario morgado ha sido creado
 ------------- USUARIO --------------------
morgado No se encuentra en el sistema
el directorio de morgado No existe
el usuario morgado ha sido creado
 ------------- USUARIO --------------------
morgado No se encuentra en el sistema
el directorio de morgado No existe
el usuario morgado ha sido creado
 ------------- USUARIO --------------------
morgado No se encuentra en el sistema
el directorio de morgado No existe
el usuario morgado ha sido creado
 ------------- USUARIO --------------------
morgado No se encuentra en el sistema
el directorio de morgado No existe
el usuario morgado ha sido creado
 ------------- USUARIO --------------------
morgado No se encuentra en el sistema
el directorio de morgado No existe
el usuario morgado ha sido creado
 ------------- USUARIO --------------------
morgado No se encuentra en el sistema
el directorio de morgado No existe
el usuario morgado ha sido creado
 ------------- USUARIO --------------------
 se encuentra en el sistema
 ------------- USUARIO --------------------
morgado No se encuentra en el sistema
el directorio de morgado No existe
el usuario morgado ha sido creado
 ------------- USUARIO --------------------
morgado No se encuentra en el sistema
el directorio de morgado No existe
el usuario morgado ha sido creado
 ------------- USUARIO --------------------
morgado No se encuentra en el sistema
el directorio de morgado No existe
el usuario morgado ha sido creado
 ------------- USUARIO --------------------
morgado No se encuentra en el sistema
el directorio de morgado No existe
el usuario morgado ha sido creado
 ------------- USUARIO --------------------
morgado No se encuentra en el sistema
el directorio de morgado No existe
el usuario morgado ha sido creado
 ------------- USUARIO --------------------
morgado No se encuentra en el sistema
el directorio de morgado No existe
el usuario morgado ha sido creado
 ------------- USUARIO --------------------
morgado No se encuentra en el sistema
el directorio de morgado No existe
el usuario morgado ha sido creado
 ------------- USUARIO --------------------
morgado No se encuentra en el sistema
el directorio de morgado No existe
el usuario morgado ha sido creado
 ------------- USUARIO --------------------
morgado No se encuentra en el sistema
el directorio de morgado No existe
el usuario morgado ha sido creado
 ------------- USUARIO --------------------
morgado No se encuentra en el sistema
el directorio de morgado No existe
el usuario morgado ha sido creado
 ------------- USUARIO --------------------
morgado No se encuentra en el sistema
el directorio de morgado No existe
el usuario morgado ha sido creado
 ------------- USUARIO --------------------
morgado No se encuentra en el sistema
el directorio de morgado No existe
el usuario morgado ha sido creado
 ------------- USUARIO --------------------
morgado No se encuentra en el sistema
el directorio de morgado No existe
el usuario morgado ha sido creado
 ------------- USUARIO --------------------
morgado No se encuentra en el sistema
el directorio de morgado No existe
el usuario morgado ha sido creado
Proyecto Autocaravaneando clonado...
Dentro de Autocaravaneando...
Instalando dependencias...
Levantando Node en 3000...
Construyendo la aplicación React para producción...
Build movido a /var/www/html... Sirviendo nginx
 ------------- USUARIO --------------------
andres No se encuentra en el sistema
el directorio de andres No existe
el usuario andres ha sido creado
Proyecto Autocaravaneando clonado...
Dentro de Autocaravaneando...
dependencias instaladas...
Iniciando la aplicación en 3000..
Construyendo la aplicación React para producción...
Build movido a /var/www/html... Sirviendo nginx
Todo completado exitosamente.
 ------------- USUARIO --------------------
andres No se encuentra en el sistema
el directorio de andres No existe
el usuario andres ha sido creado
Proyecto proyectoreact clonado...
Dentro de proyectoreact...
dependencias instaladas...
Iniciando la aplicación en 3000..
Construyendo la aplicación React para producción...
